{
  "RSpec": {
    "coverage": {
      "/Users/grolar/workspace/rails/tracability-api/app/models/user.rb": [
        1,
        null,
        1,
        null,
        null,
        1,
        null
      ],
      "/Users/grolar/workspace/rails/tracability-api/app/controllers/home_controller.rb": [
        1,
        1,
        1,
        null,
        null
      ],
      "/Users/grolar/workspace/rails/tracability-api/app/controllers/application_controller.rb": [
        1,
        1,
        null
      ],
      "/Users/grolar/workspace/rails/tracability-api/app/models/city.rb": [
        1,
        1,
        1,
        null,
        1,
        null
      ],
      "/Users/grolar/workspace/rails/tracability-api/app/models/growing_medium.rb": [
        1,
        1,
        null,
        1,
        null,
        1,
        null,
        1,
        null
      ],
      "/Users/grolar/workspace/rails/tracability-api/app/models/concerns/weighable.rb": [
        1,
        null,
        1,
        1,
        null,
        1,
        1,
        null,
        1,
        1,
        1,
        null,
        1,
        18,
        null,
        18,
        1,
        null,
        null,
        null,
        null
      ],
      "/Users/grolar/workspace/rails/tracability-api/app/models/growing_stage.rb": [
        1,
        1,
        null,
        1,
        null
      ],
      "/Users/grolar/workspace/rails/tracability-api/app/models/inventory_type.rb": [
        1,
        1,
        null
      ],
      "/Users/grolar/workspace/rails/tracability-api/app/models/license.rb": [
        1,
        1,
        null,
        1,
        null,
        1,
        null,
        null,
        null,
        1,
        null,
        null,
        1,
        1,
        1,
        null
      ],
      "/Users/grolar/workspace/rails/tracability-api/app/models/location.rb": [
        1,
        1,
        1,
        null,
        1,
        null,
        1,
        null
      ],
      "/Users/grolar/workspace/rails/tracability-api/app/models/note.rb": [
        1,
        1,
        null,
        1,
        null
      ],
      "/Users/grolar/workspace/rails/tracability-api/app/models/patient.rb": [
        1,
        1,
        1,
        null,
        1,
        1,
        null,
        null
      ],
      "/Users/grolar/workspace/rails/tracability-api/app/models/physician.rb": [
        1,
        1,
        null,
        1,
        1,
        null
      ],
      "/Users/grolar/workspace/rails/tracability-api/app/models/regulation.rb": [
        1,
        1,
        null
      ],
      "/Users/grolar/workspace/rails/tracability-api/app/models/room_section.rb": [
        1,
        1,
        1,
        null,
        1,
        null,
        1,
        null
      ],
      "/Users/grolar/workspace/rails/tracability-api/app/models/room.rb": [
        1,
        1,
        1,
        null,
        1,
        null,
        1,
        null
      ],
      "/Users/grolar/workspace/rails/tracability-api/app/models/state.rb": [
        1,
        1,
        1,
        null,
        1,
        1,
        null
      ],
      "/Users/grolar/workspace/rails/tracability-api/app/models/strain.rb": [
        1,
        1,
        null,
        1,
        null
      ],
      "/Users/grolar/workspace/rails/tracability-api/app/models/vehicle.rb": [
        1,
        1,
        null,
        1,
        1,
        null
      ],
      "/Users/grolar/workspace/rails/tracability-api/app/models/weight.rb": [
        1,
        1,
        null,
        1,
        null,
        1,
        1,
        null,
        1,
        null
      ],
      "/Users/grolar/workspace/rails/tracability-api/app/controllers/api/v1/cities_controller.rb": [
        1,
        1,
        1,
        1,
        1,
        null,
        null,
        1,
        1,
        1,
        null,
        null,
        1,
        2,
        null,
        2,
        1,
        null,
        1,
        null,
        null,
        null,
        null,
        1,
        1,
        null,
        null,
        1,
        2,
        1,
        null,
        1,
        null,
        null,
        null,
        1,
        1,
        null,
        1,
        null,
        1,
        3,
        3,
        null,
        null,
        1,
        4,
        null,
        null,
        1,
        4,
        null,
        null,
        null,
        null
      ],
      "/Users/grolar/workspace/rails/tracability-api/app/controllers/api/v1/api_controller.rb": [
        1,
        1,
        1,
        null
      ],
      "/Users/grolar/workspace/rails/tracability-api/app/controllers/api/v1/growing_media_controller.rb": [
        1,
        1,
        1,
        1,
        1,
        null,
        null,
        1,
        1,
        1,
        null,
        null,
        1,
        2,
        null,
        1,
        null,
        1,
        1,
        null,
        1,
        null,
        null,
        null,
        null,
        1,
        1,
        null,
        null,
        1,
        2,
        1,
        null,
        1,
        null,
        null,
        null,
        1,
        1,
        null,
        1,
        null,
        1,
        3,
        null,
        1,
        4,
        null,
        null,
        1,
        4,
        null,
        null,
        null,
        null
      ],
      "/Users/grolar/workspace/rails/tracability-api/app/controllers/api/v1/growing_stages_controller.rb": [
        1,
        1,
        1,
        1,
        1,
        null,
        null,
        1,
        1,
        1,
        null,
        null,
        1,
        2,
        null,
        2,
        1,
        null,
        1,
        null,
        null,
        null,
        null,
        1,
        1,
        null,
        null,
        1,
        2,
        1,
        null,
        1,
        null,
        null,
        null,
        1,
        1,
        null,
        1,
        null,
        1,
        3,
        null,
        1,
        4,
        null,
        null,
        1,
        4,
        null,
        null,
        null,
        null
      ],
      "/Users/grolar/workspace/rails/tracability-api/app/controllers/api/v1/inventory_types_controller.rb": [
        1,
        1,
        1,
        1,
        null,
        1,
        1,
        1,
        null,
        null,
        1,
        1,
        null,
        null,
        1,
        3,
        null,
        3,
        1,
        null,
        2,
        null,
        null,
        null,
        1,
        2,
        1,
        null,
        1,
        null,
        null,
        null,
        1,
        1,
        null,
        1,
        null,
        1,
        4,
        null,
        null,
        1,
        5,
        null,
        null,
        null,
        null
      ],
      "/Users/grolar/workspace/rails/tracability-api/app/controllers/api/v1/licenses_controller.rb": [
        1,
        1,
        1,
        1,
        1,
        null,
        null,
        1,
        1,
        1,
        null,
        null,
        1,
        2,
        null,
        2,
        1,
        null,
        1,
        null,
        null,
        null,
        null,
        1,
        1,
        null,
        null,
        1,
        2,
        1,
        null,
        1,
        null,
        null,
        null,
        1,
        1,
        null,
        1,
        null,
        1,
        3,
        null,
        1,
        4,
        null,
        null,
        1,
        4,
        null,
        null,
        null,
        null
      ],
      "/Users/grolar/workspace/rails/tracability-api/app/controllers/api/v1/locations_controller.rb": [
        1,
        1,
        1,
        1,
        1,
        null,
        null,
        1,
        1,
        1,
        null,
        null,
        1,
        2,
        null,
        2,
        1,
        null,
        1,
        null,
        null,
        null,
        null,
        1,
        1,
        null,
        null,
        1,
        2,
        1,
        null,
        1,
        null,
        null,
        null,
        1,
        1,
        null,
        1,
        null,
        1,
        3,
        null,
        1,
        4,
        null,
        null,
        1,
        4,
        null,
        null,
        null,
        null
      ],
      "/Users/grolar/workspace/rails/tracability-api/app/controllers/api/v1/notes_controller.rb": [
        1,
        1,
        1,
        1,
        null,
        1,
        1,
        1,
        null,
        null,
        1,
        1,
        null,
        null,
        1,
        3,
        null,
        3,
        1,
        null,
        2,
        null,
        null,
        null,
        1,
        2,
        1,
        null,
        1,
        null,
        null,
        null,
        1,
        1,
        null,
        1,
        null,
        1,
        4,
        null,
        null,
        1,
        5,
        null,
        null,
        null,
        null
      ],
      "/Users/grolar/workspace/rails/tracability-api/app/controllers/api/v1/patients_controller.rb": [
        1,
        1,
        1,
        1,
        1,
        null,
        null,
        1,
        1,
        1,
        null,
        null,
        1,
        2,
        null,
        2,
        1,
        null,
        1,
        null,
        null,
        null,
        null,
        1,
        1,
        null,
        null,
        1,
        2,
        1,
        null,
        1,
        null,
        null,
        null,
        1,
        1,
        null,
        1,
        null,
        1,
        3,
        null,
        1,
        4,
        null,
        null,
        1,
        4,
        null,
        null,
        null,
        null
      ],
      "/Users/grolar/workspace/rails/tracability-api/app/controllers/api/v1/physicians_controller.rb": [
        1,
        1,
        1,
        1,
        null,
        null,
        1,
        1,
        1,
        null,
        null,
        1,
        2,
        null,
        2,
        1,
        null,
        1,
        null,
        null,
        null,
        null,
        1,
        1,
        null,
        null,
        1,
        2,
        1,
        null,
        1,
        null,
        null,
        null,
        1,
        1,
        null,
        1,
        null,
        1,
        4,
        null,
        null,
        1,
        4,
        null,
        null,
        null,
        null
      ],
      "/Users/grolar/workspace/rails/tracability-api/app/controllers/api/v1/regulations_controller.rb": [
        1,
        1,
        1,
        1,
        null,
        null,
        1,
        1,
        1,
        null,
        null,
        1,
        2,
        null,
        2,
        1,
        null,
        1,
        null,
        null,
        null,
        null,
        1,
        1,
        null,
        null,
        1,
        2,
        1,
        null,
        1,
        null,
        null,
        null,
        1,
        1,
        null,
        1,
        null,
        1,
        4,
        null,
        null,
        1,
        4,
        null,
        null,
        null,
        null
      ],
      "/Users/grolar/workspace/rails/tracability-api/app/controllers/api/v1/room_sections_controller.rb": [
        1,
        1,
        1,
        1,
        1,
        null,
        null,
        1,
        1,
        1,
        null,
        null,
        1,
        2,
        null,
        2,
        1,
        null,
        1,
        null,
        null,
        null,
        null,
        1,
        1,
        null,
        null,
        1,
        2,
        1,
        null,
        1,
        null,
        null,
        null,
        1,
        1,
        null,
        1,
        null,
        1,
        3,
        null,
        1,
        4,
        null,
        null,
        1,
        4,
        null,
        null,
        null,
        null
      ],
      "/Users/grolar/workspace/rails/tracability-api/app/controllers/api/v1/rooms_controller.rb": [
        1,
        1,
        1,
        1,
        1,
        null,
        null,
        1,
        1,
        1,
        null,
        null,
        1,
        2,
        null,
        2,
        1,
        null,
        1,
        null,
        null,
        null,
        null,
        1,
        1,
        null,
        null,
        1,
        2,
        1,
        null,
        1,
        null,
        null,
        null,
        1,
        1,
        null,
        1,
        null,
        1,
        3,
        null,
        1,
        4,
        null,
        null,
        1,
        4,
        null,
        null,
        null,
        null
      ],
      "/Users/grolar/workspace/rails/tracability-api/app/controllers/api/v1/states_controller.rb": [
        1,
        1,
        1,
        1,
        null,
        1,
        1,
        1,
        null,
        null,
        1,
        1,
        null,
        null,
        1,
        3,
        null,
        3,
        1,
        null,
        2,
        null,
        null,
        null,
        1,
        2,
        1,
        null,
        1,
        null,
        null,
        null,
        1,
        1,
        null,
        1,
        null,
        1,
        4,
        null,
        null,
        1,
        5,
        null,
        null,
        null,
        null
      ],
      "/Users/grolar/workspace/rails/tracability-api/app/controllers/api/v1/strains_controller.rb": [
        1,
        1,
        1,
        1,
        null,
        null,
        1,
        1,
        1,
        null,
        null,
        1,
        2,
        null,
        2,
        1,
        null,
        1,
        null,
        null,
        null,
        null,
        1,
        1,
        null,
        null,
        1,
        2,
        1,
        null,
        1,
        null,
        null,
        null,
        1,
        1,
        null,
        1,
        null,
        1,
        4,
        null,
        null,
        1,
        4,
        null,
        null,
        null,
        null
      ],
      "/Users/grolar/workspace/rails/tracability-api/app/controllers/api/v1/vehicles_controller.rb": [
        1,
        1,
        1,
        1,
        1,
        null,
        null,
        1,
        1,
        1,
        null,
        null,
        1,
        2,
        null,
        2,
        1,
        null,
        1,
        null,
        null,
        null,
        null,
        1,
        1,
        null,
        null,
        1,
        2,
        1,
        null,
        1,
        null,
        null,
        null,
        1,
        1,
        null,
        1,
        null,
        1,
        3,
        null,
        1,
        4,
        null,
        null,
        1,
        4,
        null,
        null,
        null,
        null
      ],
      "/Users/grolar/workspace/rails/tracability-api/app/serializers/city_serializer.rb": [
        1,
        1,
        1,
        1,
        null
      ],
      "/Users/grolar/workspace/rails/tracability-api/app/serializers/state_serializer.rb": [
        1,
        1,
        null,
        1,
        5,
        0,
        null,
        null,
        null
      ],
      "/Users/grolar/workspace/rails/tracability-api/app/serializers/growing_medium_serializer.rb": [
        1,
        1,
        null,
        1,
        1,
        null
      ],
      "/Users/grolar/workspace/rails/tracability-api/app/serializers/room_section_serializer.rb": [
        1,
        1,
        null
      ],
      "/Users/grolar/workspace/rails/tracability-api/app/serializers/growing_stage_serializer.rb": [
        1,
        1,
        null,
        1,
        null
      ],
      "/Users/grolar/workspace/rails/tracability-api/app/serializers/license_serializer.rb": [
        1,
        1,
        1,
        null
      ],
      "/Users/grolar/workspace/rails/tracability-api/app/serializers/inventory_type_serializer.rb": [
        1,
        1,
        null
      ],
      "/Users/grolar/workspace/rails/tracability-api/app/serializers/location_serializer.rb": [
        1,
        1,
        null
      ],
      "/Users/grolar/workspace/rails/tracability-api/app/serializers/note_serializer.rb": [
        1,
        1,
        null,
        1,
        null
      ],
      "/Users/grolar/workspace/rails/tracability-api/app/serializers/patient_serializer.rb": [
        1,
        1,
        null,
        1,
        1,
        null
      ],
      "/Users/grolar/workspace/rails/tracability-api/app/serializers/physician_serializer.rb": [
        1,
        1,
        null
      ],
      "/Users/grolar/workspace/rails/tracability-api/app/serializers/regulation_serializer.rb": [
        1,
        1,
        null
      ],
      "/Users/grolar/workspace/rails/tracability-api/app/serializers/room_serializer.rb": [
        1,
        1,
        null,
        1,
        null
      ],
      "/Users/grolar/workspace/rails/tracability-api/app/serializers/strain_serializer.rb": [
        1,
        1,
        null
      ],
      "/Users/grolar/workspace/rails/tracability-api/app/controllers/api/v1/users_controller.rb": [
        1,
        1,
        null,
        null,
        1,
        1,
        null,
        null,
        null,
        1,
        1,
        null,
        null,
        null,
        null
      ],
      "/Users/grolar/workspace/rails/tracability-api/app/serializers/user_serializer.rb": [
        1,
        1,
        null
      ],
      "/Users/grolar/workspace/rails/tracability-api/app/serializers/vehicle_serializer.rb": [
        1,
        1,
        1,
        null
      ]
    },
    "timestamp": 1494463398
  }
}
